2018-04-03 20:46:00,784 - BrowserEngine - INFO - 你选择的浏览器是： Chrome.
2018-04-03 20:46:00,784 - BrowserEngine - INFO - 测试网址是: http://localhost/wordpress/wp-login.php
2018-04-03 20:46:09,031 - BrowserEngine - INFO - 开始启动Chrome.
2018-04-03 20:46:36,494 - BrowserEngine - INFO - 打开的网址是: http://localhost/wordpress/wp-login.php
2018-04-03 20:46:36,703 - BrowserEngine - INFO - 最大化当前窗口.
2018-04-03 20:46:36,711 - BrowserEngine - INFO - 设置隐式等待10s.
2018-04-03 20:46:46,780 - BasePage - ERROR - NoSuchElementException: Message: no such element: Unable to locate element: {"method":"id","selector":"user_login"}
  (Session info: chrome=65.0.3325.181)
  (Driver info: chromedriver=2.35.528161 (5b82f2d2aae0ca24b877009200ced9065a772e73),platform=Windows NT 6.1.7601 SP1 x86_64)

2018-04-03 20:46:47,925 - BasePage - INFO - 成功截图并保存于文件夹：screenshot
2018-04-03 20:46:57,978 - BasePage - ERROR - NoSuchElementException: Message: no such element: Unable to locate element: {"method":"id","selector":"user_login"}
  (Session info: chrome=65.0.3325.181)
  (Driver info: chromedriver=2.35.528161 (5b82f2d2aae0ca24b877009200ced9065a772e73),platform=Windows NT 6.1.7601 SP1 x86_64)

2018-04-03 20:46:59,066 - BasePage - INFO - 成功截图并保存于文件夹：screenshot
